0 info it worked if it ends with ok
1 verbose cli [ 'node',
1 verbose cli   '/usr/local/bin/npm',
1 verbose cli   'install',
1 verbose cli   '-g',
1 verbose cli   'bower-npm-resolver' ]
2 info using npm@2.0.0
3 info using node@v0.10.32
4 verbose cache add [ 'bower-npm-resolver', null ]
5 verbose cache add spec="bower-npm-resolver" args=["bower-npm-resolver",null]
6 verbose parsed spec { raw: 'bower-npm-resolver',
6 verbose parsed spec   scope: null,
6 verbose parsed spec   name: 'bower-npm-resolver',
6 verbose parsed spec   rawSpec: '',
6 verbose parsed spec   spec: '*',
6 verbose parsed spec   type: 'range' }
7 verbose parsed spec { raw: 'bower-npm-resolver',
7 verbose parsed spec   scope: null,
7 verbose parsed spec   name: 'bower-npm-resolver',
7 verbose parsed spec   rawSpec: '',
7 verbose parsed spec   spec: '*',
7 verbose parsed spec   type: 'range' }
8 verbose addNamed [ 'bower-npm-resolver', '*' ]
9 verbose addNamed [ null, '*' ]
10 silly lockFile 5deab0b0-bower-npm-resolver bower-npm-resolver@*
11 verbose lock bower-npm-resolver@* /Users/harryhe/.npm/5deab0b0-bower-npm-resolver.lock
12 silly addNameRange { name: 'bower-npm-resolver', range: '*', hasData: false }
13 verbose mapToRegistry name bower-npm-resolver
14 verbose mapToRegistry uri https://registry.npmjs.org/bower-npm-resolver
15 verbose request on initialization, where is /bower-npm-resolver
16 verbose request after pass 1, where is /bower-npm-resolver
17 verbose request url raw /bower-npm-resolver
18 verbose request resolving registry [ 'https://registry.npmjs.org/', './bower-npm-resolver' ]
19 verbose request after pass 2, where is https://registry.npmjs.org/bower-npm-resolver
20 verbose request no auth needed
21 info attempt registry request try #1 at 19:42:32
22 verbose request id 7699258a694e529a
23 http request GET https://registry.npmjs.org/bower-npm-resolver
24 http 200 https://registry.npmjs.org/bower-npm-resolver
25 silly registry.get cb [ 200,
25 silly registry.get   { server: 'CouchDB/1.5.0 (Erlang OTP/R16B03)',
25 silly registry.get     etag: '"BBJB80VUW4N986P5ORWY65OYM"',
25 silly registry.get     'content-type': 'application/json',
25 silly registry.get     'content-encoding': 'gzip',
25 silly registry.get     'cache-control': 'max-age=300',
25 silly registry.get     'content-length': '3390',
25 silly registry.get     'accept-ranges': 'bytes',
25 silly registry.get     date: 'Mon, 08 Aug 2016 11:42:35 GMT',
25 silly registry.get     via: '1.1 varnish',
25 silly registry.get     age: '0',
25 silly registry.get     connection: 'keep-alive',
25 silly registry.get     'x-served-by': 'cache-hkg6826-HKG',
25 silly registry.get     'x-cache': 'MISS',
25 silly registry.get     'x-cache-hits': '0',
25 silly registry.get     'x-timer': 'S1470656554.550175,VS0,VE832',
25 silly registry.get     vary: 'Accept-Encoding' } ]
26 silly addNameRange number 2 { name: 'bower-npm-resolver', range: '*', hasData: true }
27 silly addNameRange versions [ 'bower-npm-resolver',
27 silly addNameRange   [ '0.1.0', '0.1.1', '0.2.0', '0.3.0', '0.4.0' ] ]
28 verbose addNamed [ 'bower-npm-resolver', '0.4.0' ]
29 verbose addNamed [ '0.4.0', '0.4.0' ]
30 silly lockFile c20c29ca-bower-npm-resolver-0-4-0 bower-npm-resolver@0.4.0
31 verbose lock bower-npm-resolver@0.4.0 /Users/harryhe/.npm/c20c29ca-bower-npm-resolver-0-4-0.lock
32 silly lockFile 06eb8d7a-ver-bower-npm-resolver-0-4-0-tgz https://registry.npmjs.org/bower-npm-resolver/-/bower-npm-resolver-0.4.0.tgz
33 verbose lock https://registry.npmjs.org/bower-npm-resolver/-/bower-npm-resolver-0.4.0.tgz /Users/harryhe/.npm/06eb8d7a-ver-bower-npm-resolver-0-4-0-tgz.lock
34 verbose addRemoteTarball [ 'https://registry.npmjs.org/bower-npm-resolver/-/bower-npm-resolver-0.4.0.tgz',
34 verbose addRemoteTarball   '7c4817e3f2f8674cadac49b0ac35e45bc1928881' ]
35 info retry fetch attempt 1 at 19:42:35
36 info attempt registry request try #1 at 19:42:35
37 http fetch GET https://registry.npmjs.org/bower-npm-resolver/-/bower-npm-resolver-0.4.0.tgz
38 http fetch 200 https://registry.npmjs.org/bower-npm-resolver/-/bower-npm-resolver-0.4.0.tgz
39 silly fetchAndShaCheck shasum 7c4817e3f2f8674cadac49b0ac35e45bc1928881
40 silly lockFile 06eb8d7a-ver-bower-npm-resolver-0-4-0-tgz https://registry.npmjs.org/bower-npm-resolver/-/bower-npm-resolver-0.4.0.tgz
41 silly lockFile 06eb8d7a-ver-bower-npm-resolver-0-4-0-tgz https://registry.npmjs.org/bower-npm-resolver/-/bower-npm-resolver-0.4.0.tgz
42 silly lockFile c20c29ca-bower-npm-resolver-0-4-0 bower-npm-resolver@0.4.0
43 silly lockFile c20c29ca-bower-npm-resolver-0-4-0 bower-npm-resolver@0.4.0
44 silly lockFile 5deab0b0-bower-npm-resolver bower-npm-resolver@*
45 silly lockFile 5deab0b0-bower-npm-resolver bower-npm-resolver@*
46 silly resolved [ { name: 'bower-npm-resolver',
46 silly resolved     version: '0.4.0',
46 silly resolved     description: 'Use npm as a registry for your Bower Dependencies',
46 silly resolved     main: 'src/resolver.js',
46 silly resolved     scripts:
46 silly resolved      { lint: 'gulp lint',
46 silly resolved        test: 'gulp test',
46 silly resolved        release: 'gulp release',
46 silly resolved        'release:patch': 'gulp release:patch',
46 silly resolved        'release:minor': 'gulp release:minor',
46 silly resolved        'release:major': 'gulp release:major' },
46 silly resolved     repository:
46 silly resolved      { type: 'git',
46 silly resolved        url: 'git+https://github.com/mjeanroy/bower-npm-resolver.git' },
46 silly resolved     keywords: [ 'bower-resolver' ],
46 silly resolved     author: { name: 'Mickael Jeanroy', email: 'mickael.jeanroy@gmail.com' },
46 silly resolved     license: 'MIT',
46 silly resolved     bugs: { url: 'https://github.com/mjeanroy/bower-npm-resolver/issues' },
46 silly resolved     homepage: 'https://github.com/mjeanroy/bower-npm-resolver',
46 silly resolved     dependencies:
46 silly resolved      { 'escape-string-regexp': '^1.0.5',
46 silly resolved        npm: '>=1.0.0',
46 silly resolved        q: '1.4.1',
46 silly resolved        request: '2.72.0',
46 silly resolved        'tar-fs': '1.12.0',
46 silly resolved        tmp: '0.0.28',
46 silly resolved        underscore: '1.8.3' },
46 silly resolved     devDependencies:
46 silly resolved      { eslint: '2.9.0',
46 silly resolved        'eslint-config-google': '0.5.0',
46 silly resolved        'eslint-config-xo': '0.14.1',
46 silly resolved        gulp: '3.9.1',
46 silly resolved        'gulp-bump': '2.1.0',
46 silly resolved        'gulp-eslint': '2.0.0',
46 silly resolved        'gulp-git': '1.7.1',
46 silly resolved        'gulp-jasmine': '2.3.0',
46 silly resolved        'gulp-util': '3.0.7',
46 silly resolved        'jasmine-core': '2.4.1',
46 silly resolved        'run-sequence': '1.1.5' },
46 silly resolved     gitHead: '92aacb3bd5195fff01d8d3faee22f1a5bcca6318',
46 silly resolved     _id: 'bower-npm-resolver@0.4.0',
46 silly resolved     _shasum: '7c4817e3f2f8674cadac49b0ac35e45bc1928881',
46 silly resolved     _from: 'bower-npm-resolver@*',
46 silly resolved     _npmVersion: '3.8.6',
46 silly resolved     _nodeVersion: '6.0.0',
46 silly resolved     _npmUser: { name: 'mjeanroy', email: 'mickael.jeanroy@gmail.com' },
46 silly resolved     dist:
46 silly resolved      { shasum: '7c4817e3f2f8674cadac49b0ac35e45bc1928881',
46 silly resolved        tarball: 'https://registry.npmjs.org/bower-npm-resolver/-/bower-npm-resolver-0.4.0.tgz' },
46 silly resolved     maintainers: [ [Object] ],
46 silly resolved     _npmOperationalInternal:
46 silly resolved      { host: 'packages-16-east.internal.npmjs.com',
46 silly resolved        tmp: 'tmp/bower-npm-resolver-0.4.0.tgz_1463939517669_0.6508136605843902' },
46 silly resolved     directories: {},
46 silly resolved     _resolved: 'https://registry.npmjs.org/bower-npm-resolver/-/bower-npm-resolver-0.4.0.tgz' } ]
47 info install bower-npm-resolver@0.4.0 into /usr/local/lib
48 info installOne bower-npm-resolver@0.4.0
49 verbose lib/node_modules/bower-npm-resolver unbuild
50 verbose gentlyRm vacuuming /usr/local/lib/node_modules/bower-npm-resolver
51 verbose tar unpack /Users/harryhe/.npm/bower-npm-resolver/0.4.0/package.tgz
52 silly lockFile 6d528317--node-modules-bower-npm-resolver tar:///usr/local/lib/node_modules/bower-npm-resolver
53 verbose lock tar:///usr/local/lib/node_modules/bower-npm-resolver /Users/harryhe/.npm/6d528317--node-modules-bower-npm-resolver.lock
54 silly lockFile 0d730224-r-npm-resolver-0-4-0-package-tgz tar:///Users/harryhe/.npm/bower-npm-resolver/0.4.0/package.tgz
55 verbose lock tar:///Users/harryhe/.npm/bower-npm-resolver/0.4.0/package.tgz /Users/harryhe/.npm/0d730224-r-npm-resolver-0-4-0-package-tgz.lock
56 verbose gentlyRm vacuuming /usr/local/lib/node_modules/bower-npm-resolver
57 silly gunzTarPerm modes [ '755', '644' ]
58 verbose fstream_path /usr/local/lib/node_modules/bower-npm-resolver
59 verbose fstream_type Directory
60 verbose fstream_class DirWriter
61 verbose stack Error: EACCES, mkdir '/usr/local/lib/node_modules/bower-npm-resolver'
62 verbose fstream_stack /usr/local/lib/node_modules/npm/node_modules/fstream/lib/dir-writer.js:36:23
62 verbose fstream_stack /usr/local/lib/node_modules/npm/node_modules/mkdirp/index.js:46:53
62 verbose fstream_stack Object.oncomplete (fs.js:107:15)
63 verbose cwd /Users/harryhe/Desktop/develop/workspace_framework3/Ceres-Framework/Ceres-Support-Web-Console/src/main/resources/support/web/console
64 error Darwin 15.6.0
65 error argv "node" "/usr/local/bin/npm" "install" "-g" "bower-npm-resolver"
66 error node v0.10.32
67 error npm  v2.0.0
68 error path /usr/local/lib/node_modules/bower-npm-resolver
69 error code EACCES
70 error errno 3
71 error Error: EACCES, mkdir '/usr/local/lib/node_modules/bower-npm-resolver'
71 error  { [Error: EACCES, mkdir '/usr/local/lib/node_modules/bower-npm-resolver']
71 error   errno: 3,
71 error   code: 'EACCES',
71 error   path: '/usr/local/lib/node_modules/bower-npm-resolver',
71 error   fstream_type: 'Directory',
71 error   fstream_path: '/usr/local/lib/node_modules/bower-npm-resolver',
71 error   fstream_class: 'DirWriter',
71 error   fstream_stack:
71 error    [ '/usr/local/lib/node_modules/npm/node_modules/fstream/lib/dir-writer.js:36:23',
71 error      '/usr/local/lib/node_modules/npm/node_modules/mkdirp/index.js:46:53',
71 error      'Object.oncomplete (fs.js:107:15)' ] }
72 error Please try running this command again as root/Administrator.
73 verbose exit [ 3, true ]
