#
# A fatal error has been detected by the Java Runtime Environment:
#
#  SIGSEGV (0xb) at pc=0x0000000000000000, pid=13242, tid=5891
#
# JRE version: Java(TM) SE Runtime Environment (8.0_05-b13) (build 1.8.0_05-b13)
# Java VM: Java HotSpot(TM) 64-Bit Server VM (25.5-b02 mixed mode bsd-amd64 compressed oops)
# Problematic frame:
# C  0x0000000000000000
#
# Failed to write core dump. Core dumps have been disabled. To enable core dumping, try "ulimit -c unlimited" before starting Java again
#
# If you would like to submit a bug report, please visit:
#   http://bugreport.sun.com/bugreport/crash.jsp
#

---------------  T H R E A D  ---------------

Current thread (0x00007f9c83802000):  JavaThread "main" [_thread_in_Java, id=5891, stack(0x000070000011a000,0x000070000021a000)]

siginfo:si_signo=SIGSEGV: si_errno=0, si_code=1 (SEGV_MAPERR), si_addr=0x0000000000000000

Registers:
RAX=0x0000000000000000, RBX=0x000000011e8d7510, RCX=0x000000076acf56f0, RDX=0x0000000105cc72e0
RSP=0x0000700000219820, RBP=0x0000700000219878, RSI=0x0000000000000007, RDI=0x00007f9c83802000
R8 =0x00007000002191f8, R9 =0x0000000000000000, R10=0x0000000105667130, R11=0x000000011e8777c0
R12=0x0000000000000000, R13=0x0000700000219828, R14=0x0000700000219888, R15=0x00007f9c83802000
RIP=0x0000000000000000, EFLAGS=0x0000000000010246, ERR=0x0000000000000014
  TRAPNO=0x000000000000000e

Top of Stack: (sp=0x0000700000219820)
0x0000700000219820:   0000000105cc72e0 000000076acf56f0
0x0000700000219830:   000000076acf56f0 0000700000219838
0x0000700000219840:   000000011ea5c396 0000700000219888
0x0000700000219850:   000000011ea5c670 0000000000000000
0x0000700000219860:   000000011ea5c3a0 0000700000219828
0x0000700000219870:   0000700000219888 00007000002198d0
0x0000700000219880:   0000000105cc7210 000000076acdeea0
0x0000700000219890:   0000700000219890 000000011ea5a24b
0x00007000002198a0:   00007000002198e0 000000011ea5cd90
0x00007000002198b0:   0000000000000000 000000011ea5a250
0x00007000002198c0:   0000700000219888 00007000002198e0
0x00007000002198d0:   0000700000219930 0000000105cc7210
0x00007000002198e0:   000000076acdeea0 000000076b047158
0x00007000002198f0:   00007000002198f0 000000011ea59dc2
0x0000700000219900:   0000700000219948 000000011ea5cd90
0x0000700000219910:   0000000000000000 000000011ea59e40
0x0000700000219920:   00007000002198e0 0000700000219948
0x0000700000219930:   00007000002199b0 0000000105cc04e7
0x0000700000219940:   0000000000000000 000000076acdee90
0x0000700000219950:   0000000100001fa0 000000000000000a
0x0000700000219960:   00007f9c83802000 0000000000000001
0x0000700000219970:   0000000105cc045f 000000011ea59e40
0x0000700000219980:   0000700000219a48 0000700000219dd0
0x0000700000219990:   000000010000000a 000000011ea59e40
0x00007000002199a0:   0000000105cd02a0 0000700000219b88
0x00007000002199b0:   0000700000219b60 00000001050c5186
0x00007000002199c0:   0000000000000001 00007f9c83802000
0x00007000002199d0:   0000700000219ac8 0000700000219dd0
0x00007000002199e0:   0000000000000000 0000000105cd02a0
0x00007000002199f0:   00007f9c83802000 0000700000219b80
0x0000700000219a00:   0000700000219dc8 00007f9c83802000
0x0000700000219a10:   00007f9c83802000 00007f9c82d09840 

Instructions: (pc=0x0000000000000000)
0xffffffffffffffe0:   

Register to memory mapping:

RAX=0x0000000000000000 is an unknown value
RBX=0x000000011e8d7510 is an unknown value
RCX=0x000000076acf56f0 is an oop
java.lang.IllegalStateException 
 - klass: 'java/lang/IllegalStateException'
RDX=0x0000000105cc72e0 is at code_begin+1664 in an Interpreter codelet
invoke return entry points  [0x0000000105cc6c60, 0x0000000105cc73c0]  1888 bytes
RSP=0x0000700000219820 is pointing into the stack for thread: 0x00007f9c83802000
RBP=0x0000700000219878 is pointing into the stack for thread: 0x00007f9c83802000
RSI=0x0000000000000007 is an unknown value
RDI=0x00007f9c83802000 is a thread
R8 =0x00007000002191f8 is pointing into the stack for thread: 0x00007f9c83802000
R9 =0x0000000000000000 is an unknown value
R10=0x0000000105667130: _ZN19TemplateInterpreter20_invoke_return_entryE+0 in /Library/Java/JavaVirtualMachines/jdk1.8.0_05.jdk/Contents/Home/jre/lib/server/libjvm.dylib at 0x0000000104e00000
R11=0x000000011e8777c0 is an unknown value
R12=0x0000000000000000 is an unknown value
R13=0x0000700000219828 is pointing into the stack for thread: 0x00007f9c83802000
R14=0x0000700000219888 is pointing into the stack for thread: 0x00007f9c83802000
R15=0x00007f9c83802000 is a thread


Stack: [0x000070000011a000,0x000070000021a000],  sp=0x0000700000219820,  free space=1022k

---------------  P R O C E S S  ---------------

Java Threads: ( => current thread )
  0x00007f9c84981800 JavaThread "FileSystemWatcher: files=#4 cl=sun.misc.Launcher$AppClassLoader@58644d46" daemon [_thread_blocked, id=22275, stack(0x0000700001559000,0x0000700001659000)]
  0x00007f9c8497a000 JavaThread "Service Thread" daemon [_thread_blocked, id=21251, stack(0x0000700001353000,0x0000700001453000)]
  0x00007f9c83056800 JavaThread "C1 CompilerThread3" daemon [_thread_blocked, id=20739, stack(0x0000700001250000,0x0000700001350000)]
  0x00007f9c83055800 JavaThread "C2 CompilerThread2" daemon [_thread_blocked, id=20227, stack(0x000070000114d000,0x000070000124d000)]
  0x00007f9c8303d800 JavaThread "C2 CompilerThread1" daemon [_thread_in_native, id=19715, stack(0x000070000104a000,0x000070000114a000)]
  0x00007f9c83854800 JavaThread "C2 CompilerThread0" daemon [_thread_blocked, id=19203, stack(0x0000700000f47000,0x0000700001047000)]
  0x00007f9c8480b000 JavaThread "Signal Dispatcher" daemon [_thread_blocked, id=15887, stack(0x0000700000e44000,0x0000700000f44000)]
  0x00007f9c84800000 JavaThread "Finalizer" daemon [_thread_blocked, id=14339, stack(0x0000700000c3b000,0x0000700000d3b000)]
  0x00007f9c8403a800 JavaThread "Reference Handler" daemon [_thread_blocked, id=13827, stack(0x0000700000b38000,0x0000700000c38000)]
=>0x00007f9c83802000 JavaThread "main" [_thread_in_Java, id=5891, stack(0x000070000011a000,0x000070000021a000)]

Other Threads:
  0x00007f9c84036000 VMThread [stack: 0x0000700000a35000,0x0000700000b35000] [id=13315]
  0x00007f9c838c8000 WatcherThread [stack: 0x0000700001456000,0x0000700001556000] [id=21763]

VM state:not at safepoint (normal execution)

VM Mutex/Monitor currently owned by a thread: None

Heap:
 PSYoungGen      total 5120K, used 2888K [0x000000076ab00000, 0x000000076b100000, 0x00000007c0000000)
  eden space 4096K, 50% used [0x000000076ab00000,0x000000076ad04bb8,0x000000076af00000)
  from space 1024K, 80% used [0x000000076b000000,0x000000076b0cd5f8,0x000000076b100000)
  to   space 1024K, 0% used [0x000000076af00000,0x000000076af00000,0x000000076b000000)
 ParOldGen       total 260608K, used 30054K [0x00000006c0000000, 0x00000006cfe80000, 0x000000076ab00000)
  object space 260608K, 11% used [0x00000006c0000000,0x00000006c1d599a0,0x00000006cfe80000)
 Metaspace       used 4047K, capacity 5136K, committed 5376K, reserved 1056768K
  class space    used 421K, capacity 456K, committed 512K, reserved 1048576K

Card table byte_map: [0x0000000115080000,0x0000000115881000] byte_map_base: 0x0000000111a80000

Marking Bits: (ParMarkBitMap*) 0x00000001056660a0
 Begin Bits: [0x0000000115dd7000, 0x0000000119dd7000)
 End Bits:   [0x0000000119dd7000, 0x000000011ddd7000)

Polling page: 0x0000000103d0b000

CodeCache: size=245760Kb used=1580Kb max_used=1584Kb free=244179Kb
 bounds [0x0000000105cc0000, 0x0000000105f30000, 0x0000000114cc0000]
 total_blobs=478 nmethods=219 adapters=175
 compilation: enabled

Compilation events (10 events):
Event: 0.203 Thread 0x00007f9c83854800 nmethod 198 0x0000000105e47650 code [0x0000000105e477a0, 0x0000000105e47a18]
Event: 0.204 Thread 0x00007f9c83055800 nmethod 199% 0x0000000105e46b90 code [0x0000000105e46d00, 0x0000000105e47098]
Event: 0.205 Thread 0x00007f9c83056800  216       1       java.util.zip.ZipCoder::isUTF8 (5 bytes)
Event: 0.206 Thread 0x00007f9c83056800 nmethod 216 0x0000000105e4d990 code [0x0000000105e4dae0, 0x0000000105e4dbf0]
Event: 0.206 Thread 0x00007f9c83056800  217       3       java.util.ArrayList$Itr::hasNext (20 bytes)
Event: 0.206 Thread 0x00007f9c83056800 nmethod 217 0x0000000105e4d590 code [0x0000000105e4d700, 0x0000000105e4d8d0]
Event: 0.206 Thread 0x00007f9c83056800  218       1       java.util.logging.LogManager$LoggerContext::getOwner (5 bytes)
Event: 0.206 Thread 0x00007f9c83056800 nmethod 218 0x0000000105e4d2d0 code [0x0000000105e4d420, 0x0000000105e4d530]
Event: 0.206 Thread 0x00007f9c8303d800  219  s!   4       sun.misc.URLClassPath::getLoader (154 bytes)
Event: 0.206 Thread 0x00007f9c83056800  220       3       java.util.WeakHashMap::remove (133 bytes)

GC Heap History (10 events):
Event: 0.072 GC heap before
{Heap before GC invocations=2 (full 0):
 PSYoungGen      total 1024K, used 969K [0x000000076ab00000, 0x000000076ad00000, 0x00000007c0000000)
  eden space 512K, 98% used [0x000000076ab00000,0x000000076ab7e6a8,0x000000076ab80000)
  from space 512K, 90% used [0x000000076ab80000,0x000000076abf4010,0x000000076ac00000)
  to   space 512K, 0% used [0x000000076ac80000,0x000000076ac80000,0x000000076ad00000)
 ParOldGen       total 260608K, used 0K [0x00000006c0000000, 0x00000006cfe80000, 0x000000076ab00000)
  object space 260608K, 0% used [0x00000006c0000000,0x00000006c0000000,0x00000006cfe80000)
 Metaspace       used 2471K, capacity 4480K, committed 4480K, reserved 1056768K
  class space    used 274K, capacity 384K, committed 384K, reserved 1048576K
Event: 0.073 GC heap after
Heap after GC invocations=2 (full 0):
 PSYoungGen      total 1536K, used 496K [0x000000076ab00000, 0x000000076ad00000, 0x00000007c0000000)
  eden space 1024K, 0% used [0x000000076ab00000,0x000000076ab00000,0x000000076ac00000)
  from space 512K, 96% used [0x000000076ac80000,0x000000076acfc010,0x000000076ad00000)
  to   space 512K, 0% used [0x000000076ac00000,0x000000076ac00000,0x000000076ac80000)
 ParOldGen       total 260608K, used 64K [0x00000006c0000000, 0x00000006cfe80000, 0x000000076ab00000)
  object space 260608K, 0% used [0x00000006c0000000,0x00000006c0010030,0x00000006cfe80000)
 Metaspace       used 2471K, capacity 4480K, committed 4480K, reserved 1056768K
  class space    used 274K, capacity 384K, committed 384K, reserved 1048576K
}
Event: 0.094 GC heap before
{Heap before GC invocations=3 (full 0):
 PSYoungGen      total 1536K, used 1520K [0x000000076ab00000, 0x000000076ad00000, 0x00000007c0000000)
  eden space 1024K, 100% used [0x000000076ab00000,0x000000076ac00000,0x000000076ac00000)
  from space 512K, 96% used [0x000000076ac80000,0x000000076acfc010,0x000000076ad00000)
  to   space 512K, 0% used [0x000000076ac00000,0x000000076ac00000,0x000000076ac80000)
 ParOldGen       total 260608K, used 64K [0x00000006c0000000, 0x00000006cfe80000, 0x000000076ab00000)
  object space 260608K, 0% used [0x00000006c0000000,0x00000006c0010030,0x00000006cfe80000)
 Metaspace       used 2524K, capacity 4480K, committed 4480K, reserved 1056768K
  class space    used 279K, capacity 384K, committed 384K, reserved 1048576K
Event: 0.096 GC heap after
Heap after GC invocations=3 (full 0):
 PSYoungGen      total 1536K, used 512K [0x000000076ab00000, 0x000000076ae00000, 0x00000007c0000000)
  eden space 1024K, 0% used [0x000000076ab00000,0x000000076ab00000,0x000000076ac00000)
  from space 512K, 100% used [0x000000076ac00000,0x000000076ac80000,0x000000076ac80000)
  to   space 512K, 0% used [0x000000076ad80000,0x000000076ad80000,0x000000076ae00000)
 ParOldGen       total 260608K, used 342K [0x00000006c0000000, 0x00000006cfe80000, 0x000000076ab00000)
  object space 260608K, 0% used [0x00000006c0000000,0x00000006c0055b38,0x00000006cfe80000)
 Metaspace       used 2524K, capacity 4480K, committed 4480K, reserved 1056768K
  class space    used 279K, capacity 384K, committed 384K, reserved 1048576K
}
Event: 0.119 GC heap before
{Heap before GC invocations=4 (full 0):
 PSYoungGen      total 1536K, used 1536K [0x000000076ab00000, 0x000000076ae00000, 0x00000007c0000000)
  eden space 1024K, 100% used [0x000000076ab00000,0x000000076ac00000,0x000000076ac00000)
  from space 512K, 100% used [0x000000076ac00000,0x000000076ac80000,0x000000076ac80000)
  to   space 512K, 0% used [0x000000076ad80000,0x000000076ad80000,0x000000076ae00000)
 ParOldGen       total 260608K, used 342K [0x00000006c0000000, 0x00000006cfe80000, 0x000000076ab00000)
  object space 260608K, 0% used [0x00000006c0000000,0x00000006c0055b38,0x00000006cfe80000)
 Metaspace       used 3054K, capacity 4556K, committed 4864K, reserved 1056768K
  class space    used 335K, capacity 388K, committed 512K, reserved 1048576K
Event: 0.120 GC heap after
Heap after GC invocations=4 (full 0):
 PSYoungGen      total 2560K, used 496K [0x000000076ab00000, 0x000000076ae00000, 0x00000007c0000000)
  eden space 2048K, 0% used [0x000000076ab00000,0x000000076ab00000,0x000000076ad00000)
  from space 512K, 96% used [0x000000076ad80000,0x000000076adfc010,0x000000076ae00000)
  to   space 512K, 0% used [0x000000076ad00000,0x000000076ad00000,0x000000076ad80000)
 ParOldGen       total 260608K, used 513K [0x00000006c0000000, 0x00000006cfe80000, 0x000000076ab00000)
  object space 260608K, 0% used [0x00000006c0000000,0x00000006c00804d0,0x00000006cfe80000)
 Metaspace       used 3054K, capacity 4556K, committed 4864K, reserved 1056768K
  class space    used 335K, capacity 388K, committed 512K, reserved 1048576K
}
Event: 0.153 GC heap before
{Heap before GC invocations=5 (full 0):
 PSYoungGen      total 2560K, used 2544K [0x000000076ab00000, 0x000000076ae00000, 0x00000007c0000000)
  eden space 2048K, 100% used [0x000000076ab00000,0x000000076ad00000,0x000000076ad00000)
  from space 512K, 96% used [0x000000076ad80000,0x000000076adfc010,0x000000076ae00000)
  to   space 512K, 0% used [0x000000076ad00000,0x000000076ad00000,0x000000076ad80000)
 ParOldGen       total 260608K, used 513K [0x00000006c0000000, 0x00000006cfe80000, 0x000000076ab00000)
  object space 260608K, 0% used [0x00000006c0000000,0x00000006c00804d0,0x00000006cfe80000)
 Metaspace       used 3493K, capacity 4784K, committed 5120K, reserved 1056768K
  class space    used 367K, capacity 424K, committed 512K, reserved 1048576K
Event: 0.154 GC heap after
Heap after GC invocations=5 (full 0):
 PSYoungGen      total 2560K, used 496K [0x000000076ab00000, 0x000000076b100000, 0x00000007c0000000)
  eden space 2048K, 0% used [0x000000076ab00000,0x000000076ab00000,0x000000076ad00000)
  from space 512K, 96% used [0x000000076ad00000,0x000000076ad7c010,0x000000076ad80000)
  to   space 1024K, 0% used [0x000000076b000000,0x000000076b000000,0x000000076b100000)
 ParOldGen       total 260608K, used 749K [0x00000006c0000000, 0x00000006cfe80000, 0x000000076ab00000)
  object space 260608K, 0% used [0x00000006c0000000,0x00000006c00bb5f0,0x00000006cfe80000)
 Metaspace       used 3493K, capacity 4784K, committed 5120K, reserved 1056768K
  class space    used 367K, capacity 424K, committed 512K, reserved 1048576K
}
Event: 0.185 GC heap before
{Heap before GC invocations=6 (full 0):
 PSYoungGen      total 2560K, used 2544K [0x000000076ab00000, 0x000000076b100000, 0x00000007c0000000)
  eden space 2048K, 100% used [0x000000076ab00000,0x000000076ad00000,0x000000076ad00000)
  from space 512K, 96% used [0x000000076ad00000,0x000000076ad7c010,0x000000076ad80000)
  to   space 1024K, 0% used [0x000000076b000000,0x000000076b000000,0x000000076b100000)
 ParOldGen       total 260608K, used 30046K [0x00000006c0000000, 0x00000006cfe80000, 0x000000076ab00000)
  object space 260608K, 11% used [0x00000006c0000000,0x00000006c1d579a0,0x00000006cfe80000)
 Metaspace       used 3858K, capacity 4976K, committed 5120K, reserved 1056768K
  class space    used 402K, capacity 424K, committed 512K, reserved 1048576K
Event: 0.187 GC heap after
Heap after GC invocations=6 (full 0):
 PSYoungGen      total 5120K, used 821K [0x000000076ab00000, 0x000000076b100000, 0x00000007c0000000)
  eden space 4096K, 0% used [0x000000076ab00000,0x000000076ab00000,0x000000076af00000)
  from space 1024K, 80% used [0x000000076b000000,0x000000076b0cd5f8,0x000000076b100000)
  to   space 1024K, 0% used [0x000000076af00000,0x000000076af00000,0x000000076b000000)
 ParOldGen       total 260608K, used 30054K [0x00000006c0000000, 0x00000006cfe80000, 0x000000076ab00000)
  object space 260608K, 11% used [0x00000006c0000000,0x00000006c1d599a0,0x00000006cfe80000)
 Metaspace       used 3858K, capacity 4976K, committed 5120K, reserved 1056768K
  class space    used 402K, capacity 424K, committed 512K, reserved 1048576K
}

Deoptimization events (0 events):
No events

Internal exceptions (10 events):
Event: 0.195 Thread 0x00007f9c83802000 Exception <a 'java/security/PrivilegedActionException'> (0x000000076ac12c20) thrown at [/HUDSON/workspace/8-2-build-macosx-x86_64/jdk8u5/2488/hotspot/src/share/vm/prims/jvm.cpp, line 1248]
Event: 0.196 Thread 0x00007f9c83802000 Exception <a 'java/security/PrivilegedActionException'> (0x000000076ac24ac0) thrown at [/HUDSON/workspace/8-2-build-macosx-x86_64/jdk8u5/2488/hotspot/src/share/vm/prims/jvm.cpp, line 1248]
Event: 0.197 Thread 0x00007f9c83802000 Exception <a 'java/security/PrivilegedActionException'> (0x000000076ac3aca0) thrown at [/HUDSON/workspace/8-2-build-macosx-x86_64/jdk8u5/2488/hotspot/src/share/vm/prims/jvm.cpp, line 1248]
Event: 0.197 Thread 0x00007f9c83802000 Exception <a 'java/security/PrivilegedActionException'> (0x000000076ac4d048) thrown at [/HUDSON/workspace/8-2-build-macosx-x86_64/jdk8u5/2488/hotspot/src/share/vm/prims/jvm.cpp, line 1248]
Event: 0.198 Thread 0x00007f9c83802000 Exception <a 'java/security/PrivilegedActionException'> (0x000000076ac5f8a0) thrown at [/HUDSON/workspace/8-2-build-macosx-x86_64/jdk8u5/2488/hotspot/src/share/vm/prims/jvm.cpp, line 1248]
Event: 0.198 Thread 0x00007f9c83802000 Exception <a 'java/security/PrivilegedActionException'> (0x000000076ac75fd8) thrown at [/HUDSON/workspace/8-2-build-macosx-x86_64/jdk8u5/2488/hotspot/src/share/vm/prims/jvm.cpp, line 1248]
Event: 0.200 Thread 0x00007f9c83802000 Exception <a 'java/security/PrivilegedActionException'> (0x000000076ac9a500) thrown at [/HUDSON/workspace/8-2-build-macosx-x86_64/jdk8u5/2488/hotspot/src/share/vm/prims/jvm.cpp, line 1248]
Event: 0.201 Thread 0x00007f9c83802000 Exception <a 'java/security/PrivilegedActionException'> (0x000000076acae0c8) thrown at [/HUDSON/workspace/8-2-build-macosx-x86_64/jdk8u5/2488/hotspot/src/share/vm/prims/jvm.cpp, line 1248]
Event: 0.203 Thread 0x00007f9c83802000 Exception <a 'java/security/PrivilegedActionException'> (0x000000076acc8fb0) thrown at [/HUDSON/workspace/8-2-build-macosx-x86_64/jdk8u5/2488/hotspot/src/share/vm/prims/jvm.cpp, line 1248]
Event: 0.206 Thread 0x00007f9c83802000 Exception <a 'java/security/PrivilegedActionException'> (0x000000076acdf5c8) thrown at [/HUDSON/workspace/8-2-build-macosx-x86_64/jdk8u5/2488/hotspot/src/share/vm/prims/jvm.cpp, line 1248]

Events (10 events):
Event: 0.202 loading class java/lang/CloneNotSupportedException
Event: 0.203 loading class java/lang/CloneNotSupportedException done
Event: 0.203 loading class org/springsource/loaded/SSMgr
Event: 0.203 loading class org/springsource/loaded/SSMgr done
Event: 0.206 loading class org/springsource/loaded/ISMgr
Event: 0.206 loading class org/springsource/loaded/ISMgr done
Event: 0.206 loading class java/lang/IllegalStateException
Event: 0.207 loading class java/lang/IllegalStateException done
Event: 0.207 loading class java/lang/AbstractMethodError
Event: 0.207 loading class java/lang/AbstractMethodError done


Dynamic libraries:
0x0000000005657000 	/System/Library/Frameworks/Cocoa.framework/Versions/A/Cocoa
0x0000000005657000 	/System/Library/Frameworks/Security.framework/Versions/A/Security
0x0000000005657000 	/System/Library/Frameworks/ApplicationServices.framework/Versions/A/ApplicationServices
0x0000000005657000 	/usr/lib/libz.1.dylib
0x0000000005657000 	/usr/lib/libSystem.B.dylib
0x0000000005657000 	/usr/lib/libobjc.A.dylib
0x0000000005657000 	/System/Library/Frameworks/CoreFoundation.framework/Versions/A/CoreFoundation
0x0000000005657000 	/System/Library/Frameworks/Foundation.framework/Versions/C/Foundation
0x0000000005657000 	/System/Library/Frameworks/AppKit.framework/Versions/C/AppKit
0x0000000005657000 	/System/Library/Frameworks/CoreData.framework/Versions/A/CoreData
0x0000000005657000 	/System/Library/PrivateFrameworks/RemoteViewServices.framework/Versions/A/RemoteViewServices
0x0000000005657000 	/System/Library/PrivateFrameworks/UIFoundation.framework/Versions/A/UIFoundation
0x0000000005657000 	/usr/lib/libScreenReader.dylib
0x0000000005657000 	/System/Library/Frameworks/Accelerate.framework/Versions/A/Accelerate
0x0000000005657000 	/System/Library/Frameworks/IOSurface.framework/Versions/A/IOSurface
0x0000000005657000 	/System/Library/Frameworks/AudioToolbox.framework/Versions/A/AudioToolbox
0x0000000005657000 	/System/Library/Frameworks/AudioUnit.framework/Versions/A/AudioUnit
0x0000000005657000 	/System/Library/PrivateFrameworks/DataDetectorsCore.framework/Versions/A/DataDetectorsCore
0x0000000005657000 	/System/Library/PrivateFrameworks/DesktopServicesPriv.framework/Versions/A/DesktopServicesPriv
0x0000000005657000 	/System/Library/Frameworks/Carbon.framework/Versions/A/Frameworks/HIToolbox.framework/Versions/A/HIToolbox
0x0000000005657000 	/System/Library/Frameworks/QuartzCore.framework/Versions/A/QuartzCore
0x0000000005657000 	/System/Library/Frameworks/Carbon.framework/Versions/A/Frameworks/SpeechRecognition.framework/Versions/A/SpeechRecognition
0x0000000005657000 	/usr/lib/libauto.dylib
0x0000000005657000 	/usr/lib/libicucore.A.dylib
0x0000000005657000 	/usr/lib/libxml2.2.dylib
0x0000000005657000 	/System/Library/PrivateFrameworks/CoreUI.framework/Versions/A/CoreUI
0x0000000005657000 	/System/Library/Frameworks/CoreAudio.framework/Versions/A/CoreAudio
0x0000000005657000 	/System/Library/Frameworks/DiskArbitration.framework/Versions/A/DiskArbitration
0x0000000005657000 	/usr/lib/liblangid.dylib
0x0000000005657000 	/System/Library/PrivateFrameworks/MultitouchSupport.framework/Versions/A/MultitouchSupport
0x0000000005657000 	/System/Library/Frameworks/IOKit.framework/Versions/A/IOKit
0x0000000005657000 	/usr/lib/libDiagnosticMessagesClient.dylib
0x0000000005657000 	/System/Library/Frameworks/CoreServices.framework/Versions/A/CoreServices
0x0000000005657000 	/System/Library/PrivateFrameworks/PerformanceAnalysis.framework/Versions/A/PerformanceAnalysis
0x0000000005657000 	/System/Library/PrivateFrameworks/GenerationalStorage.framework/Versions/A/GenerationalStorage
0x0000000005657000 	/System/Library/Frameworks/OpenGL.framework/Versions/A/OpenGL
0x0000000005657000 	/System/Library/PrivateFrameworks/Sharing.framework/Versions/A/Sharing
0x0000000005657000 	/System/Library/Frameworks/CoreGraphics.framework/Versions/A/CoreGraphics
0x0000000005657000 	/System/Library/Frameworks/CoreImage.framework/Versions/A/CoreImage
0x0000000005657000 	/System/Library/Frameworks/CoreText.framework/Versions/A/CoreText
0x0000000005657000 	/System/Library/Frameworks/ImageIO.framework/Versions/A/ImageIO
0x0000000005657000 	/System/Library/PrivateFrameworks/Backup.framework/Versions/A/Backup
0x0000000005657000 	/usr/lib/libextension.dylib
0x0000000005657000 	/usr/lib/libarchive.2.dylib
0x0000000005657000 	/System/Library/Frameworks/CFNetwork.framework/Versions/A/CFNetwork
0x0000000005657000 	/System/Library/Frameworks/SystemConfiguration.framework/Versions/A/SystemConfiguration
0x0000000005657000 	/usr/lib/libCRFSuite.dylib
0x0000000005657000 	/usr/lib/libc++.1.dylib
0x0000000005657000 	/usr/lib/libc++abi.dylib
0x0000000005657000 	/usr/lib/system/libcache.dylib
0x0000000005657000 	/usr/lib/system/libcommonCrypto.dylib
0x0000000005657000 	/usr/lib/system/libcompiler_rt.dylib
0x0000000005657000 	/usr/lib/system/libcopyfile.dylib
0x0000000005657000 	/usr/lib/system/libcorecrypto.dylib
0x0000000005657000 	/usr/lib/system/libdispatch.dylib
0x0000000005657000 	/usr/lib/system/libdyld.dylib
0x0000000005657000 	/usr/lib/system/libkeymgr.dylib
0x0000000005657000 	/usr/lib/system/liblaunch.dylib
0x0000000005657000 	/usr/lib/system/libmacho.dylib
0x0000000005657000 	/usr/lib/system/libquarantine.dylib
0x0000000005657000 	/usr/lib/system/libremovefile.dylib
0x0000000005657000 	/usr/lib/system/libsystem_asl.dylib
0x0000000005657000 	/usr/lib/system/libsystem_blocks.dylib
0x0000000005657000 	/usr/lib/system/libsystem_c.dylib
0x0000000005657000 	/usr/lib/system/libsystem_configuration.dylib
0x0000000005657000 	/usr/lib/system/libsystem_coreservices.dylib
0x0000000005657000 	/usr/lib/system/libsystem_coretls.dylib
0x0000000005657000 	/usr/lib/system/libsystem_dnssd.dylib
0x0000000005657000 	/usr/lib/system/libsystem_info.dylib
0x0000000005657000 	/usr/lib/system/libsystem_kernel.dylib
0x0000000005657000 	/usr/lib/system/libsystem_m.dylib
0x0000000005657000 	/usr/lib/system/libsystem_malloc.dylib
0x0000000005657000 	/usr/lib/system/libsystem_network.dylib
0x0000000005657000 	/usr/lib/system/libsystem_networkextension.dylib
0x0000000005657000 	/usr/lib/system/libsystem_notify.dylib
0x0000000005657000 	/usr/lib/system/libsystem_platform.dylib
0x0000000005657000 	/usr/lib/system/libsystem_pthread.dylib
0x0000000005657000 	/usr/lib/system/libsystem_sandbox.dylib
0x0000000005657000 	/usr/lib/system/libsystem_secinit.dylib
0x0000000005657000 	/usr/lib/system/libsystem_trace.dylib
0x0000000005657000 	/usr/lib/system/libunc.dylib
0x0000000005657000 	/usr/lib/system/libunwind.dylib
0x0000000005657000 	/usr/lib/system/libxpc.dylib
0x0000000005657000 	/usr/lib/libenergytrace.dylib
0x0000000005657000 	/usr/lib/libbsm.0.dylib
0x0000000005657000 	/usr/lib/system/libkxld.dylib
0x0000000005657000 	/usr/lib/libxar.1.dylib
0x0000000005657000 	/usr/lib/libsqlite3.dylib
0x0000000005657000 	/usr/lib/libpam.2.dylib
0x0000000005657000 	/usr/lib/libOpenScriptingUtil.dylib
0x0000000005657000 	/usr/lib/libbz2.1.0.dylib
0x0000000005657000 	/usr/lib/liblzma.5.dylib
0x0000000005657000 	/System/Library/Frameworks/CoreServices.framework/Versions/A/Frameworks/FSEvents.framework/Versions/A/FSEvents
0x0000000005657000 	/System/Library/Frameworks/CoreServices.framework/Versions/A/Frameworks/CarbonCore.framework/Versions/A/CarbonCore
0x0000000005657000 	/System/Library/Frameworks/CoreServices.framework/Versions/A/Frameworks/Metadata.framework/Versions/A/Metadata
0x0000000005657000 	/System/Library/Frameworks/CoreServices.framework/Versions/A/Frameworks/OSServices.framework/Versions/A/OSServices
0x0000000005657000 	/System/Library/Frameworks/CoreServices.framework/Versions/A/Frameworks/SearchKit.framework/Versions/A/SearchKit
0x0000000005657000 	/System/Library/Frameworks/CoreServices.framework/Versions/A/Frameworks/AE.framework/Versions/A/AE
0x0000000005657000 	/System/Library/Frameworks/CoreServices.framework/Versions/A/Frameworks/LaunchServices.framework/Versions/A/LaunchServices
0x0000000005657000 	/System/Library/Frameworks/CoreServices.framework/Versions/A/Frameworks/DictionaryServices.framework/Versions/A/DictionaryServices
0x0000000005657000 	/System/Library/Frameworks/CoreServices.framework/Versions/A/Frameworks/SharedFileList.framework/Versions/A/SharedFileList
0x0000000005657000 	/System/Library/Frameworks/NetFS.framework/Versions/A/NetFS
0x0000000005657000 	/System/Library/PrivateFrameworks/NetAuth.framework/Versions/A/NetAuth
0x0000000005657000 	/System/Library/PrivateFrameworks/login.framework/Versions/A/Frameworks/loginsupport.framework/Versions/A/loginsupport
0x0000000005657000 	/System/Library/PrivateFrameworks/TCC.framework/Versions/A/TCC
0x0000000005657000 	/usr/lib/libmecabra.dylib
0x0000000005657000 	/System/Library/Frameworks/ApplicationServices.framework/Versions/A/Frameworks/ATS.framework/Versions/A/ATS
0x0000000005657000 	/System/Library/Frameworks/ApplicationServices.framework/Versions/A/Frameworks/ColorSync.framework/Versions/A/ColorSync
0x0000000005657000 	/System/Library/Frameworks/ApplicationServices.framework/Versions/A/Frameworks/HIServices.framework/Versions/A/HIServices
0x0000000005657000 	/System/Library/Frameworks/ApplicationServices.framework/Versions/A/Frameworks/LangAnalysis.framework/Versions/A/LangAnalysis
0x0000000005657000 	/System/Library/Frameworks/ApplicationServices.framework/Versions/A/Frameworks/PrintCore.framework/Versions/A/PrintCore
0x0000000005657000 	/System/Library/Frameworks/ApplicationServices.framework/Versions/A/Frameworks/QD.framework/Versions/A/QD
0x0000000005657000 	/System/Library/Frameworks/ApplicationServices.framework/Versions/A/Frameworks/SpeechSynthesis.framework/Versions/A/SpeechSynthesis
0x0000000005657000 	/System/Library/Frameworks/Metal.framework/Versions/A/Metal
0x0000000005657000 	/System/Library/Frameworks/Accelerate.framework/Versions/A/Frameworks/vImage.framework/Versions/A/vImage
0x0000000005657000 	/System/Library/Frameworks/Accelerate.framework/Versions/A/Frameworks/vecLib.framework/Versions/A/vecLib
0x0000000005657000 	/System/Library/Frameworks/Accelerate.framework/Versions/A/Frameworks/vecLib.framework/Versions/A/libvDSP.dylib
0x0000000005657000 	/System/Library/Frameworks/Accelerate.framework/Versions/A/Frameworks/vecLib.framework/Versions/A/libvMisc.dylib
0x0000000005657000 	/System/Library/Frameworks/Accelerate.framework/Versions/A/Frameworks/vecLib.framework/Versions/A/libLAPACK.dylib
0x0000000005657000 	/System/Library/Frameworks/Accelerate.framework/Versions/A/Frameworks/vecLib.framework/Versions/A/libBLAS.dylib
0x0000000005657000 	/System/Library/Frameworks/Accelerate.framework/Versions/A/Frameworks/vecLib.framework/Versions/A/libLinearAlgebra.dylib
0x0000000005657000 	/System/Library/Frameworks/Accelerate.framework/Versions/A/Frameworks/vecLib.framework/Versions/A/libSparseBLAS.dylib
0x0000000005657000 	/System/Library/PrivateFrameworks/GPUCompiler.framework/libmetal_timestamp.dylib
0x0000000005657000 	/System/Library/Frameworks/OpenGL.framework/Versions/A/Libraries/libCoreFSCache.dylib
0x0000000005657000 	/System/Library/PrivateFrameworks/IOAccelerator.framework/Versions/A/IOAccelerator
0x0000000005657000 	/System/Library/Frameworks/ApplicationServices.framework/Versions/A/Frameworks/ATS.framework/Versions/A/Resources/libFontParser.dylib
0x0000000005657000 	/System/Library/Frameworks/ApplicationServices.framework/Versions/A/Frameworks/ATS.framework/Versions/A/Resources/libFontRegistry.dylib
0x0000000005657000 	/System/Library/PrivateFrameworks/AppleVPA.framework/Versions/A/AppleVPA
0x0000000005657000 	/System/Library/PrivateFrameworks/AppleJPEG.framework/Versions/A/AppleJPEG
0x0000000005657000 	/System/Library/Frameworks/ImageIO.framework/Versions/A/Resources/libJPEG.dylib
0x0000000005657000 	/System/Library/Frameworks/ImageIO.framework/Versions/A/Resources/libTIFF.dylib
0x0000000005657000 	/System/Library/Frameworks/ImageIO.framework/Versions/A/Resources/libPng.dylib
0x0000000005657000 	/System/Library/Frameworks/ImageIO.framework/Versions/A/Resources/libGIF.dylib
0x0000000005657000 	/System/Library/Frameworks/ImageIO.framework/Versions/A/Resources/libJP2.dylib
0x0000000005657000 	/System/Library/Frameworks/ImageIO.framework/Versions/A/Resources/libRadiance.dylib
0x0000000005657000 	/System/Library/Frameworks/CoreVideo.framework/Versions/A/CoreVideo
0x0000000005657000 	/System/Library/Frameworks/OpenGL.framework/Versions/A/Libraries/libGLU.dylib
0x0000000005657000 	/System/Library/Frameworks/OpenGL.framework/Versions/A/Libraries/libGFXShared.dylib
0x0000000005657000 	/System/Library/Frameworks/OpenGL.framework/Versions/A/Libraries/libGL.dylib
0x0000000005657000 	/System/Library/Frameworks/OpenGL.framework/Versions/A/Libraries/libGLImage.dylib
0x0000000005657000 	/System/Library/Frameworks/OpenGL.framework/Versions/A/Libraries/libCVMSPluginSupport.dylib
0x0000000005657000 	/System/Library/Frameworks/OpenGL.framework/Versions/A/Libraries/libCoreVMClient.dylib
0x0000000005657000 	/usr/lib/libcups.2.dylib
0x0000000005657000 	/System/Library/Frameworks/Kerberos.framework/Versions/A/Kerberos
0x0000000005657000 	/System/Library/Frameworks/GSS.framework/Versions/A/GSS
0x0000000005657000 	/usr/lib/libresolv.9.dylib
0x0000000005657000 	/usr/lib/libiconv.2.dylib
0x0000000005657000 	/System/Library/PrivateFrameworks/Heimdal.framework/Versions/A/Heimdal
0x0000000005657000 	/usr/lib/libheimdal-asn1.dylib
0x0000000005657000 	/System/Library/Frameworks/OpenDirectory.framework/Versions/A/OpenDirectory
0x0000000005657000 	/System/Library/PrivateFrameworks/CommonAuth.framework/Versions/A/CommonAuth
0x0000000005657000 	/System/Library/Frameworks/OpenDirectory.framework/Versions/A/Frameworks/CFOpenDirectory.framework/Versions/A/CFOpenDirectory
0x0000000005657000 	/System/Library/Frameworks/SecurityFoundation.framework/Versions/A/SecurityFoundation
0x0000000005657000 	/System/Library/PrivateFrameworks/LanguageModeling.framework/Versions/A/LanguageModeling
0x0000000005657000 	/usr/lib/libmarisa.dylib
0x0000000005657000 	/usr/lib/libChineseTokenizer.dylib
0x0000000005657000 	/usr/lib/libcmph.dylib
0x0000000005657000 	/usr/lib/libcompression.dylib
0x0000000005657000 	/System/Library/Frameworks/ServiceManagement.framework/Versions/A/ServiceManagement
0x0000000005657000 	/usr/lib/libxslt.1.dylib
0x0000000005657000 	/System/Library/Frameworks/Carbon.framework/Versions/A/Frameworks/Ink.framework/Versions/A/Ink
0x0000000005657000 	/usr/lib/libFosl_dynamic.dylib
0x0000000005657000 	/System/Library/PrivateFrameworks/FaceCore.framework/Versions/A/FaceCore
0x0000000005657000 	/System/Library/Frameworks/OpenCL.framework/Versions/A/OpenCL
0x0000000005657000 	/System/Library/PrivateFrameworks/CrashReporterSupport.framework/Versions/A/CrashReporterSupport
0x0000000005657000 	/System/Library/PrivateFrameworks/IconServices.framework/Versions/A/IconServices
0x0000000005657000 	/System/Library/PrivateFrameworks/Apple80211.framework/Versions/A/Apple80211
0x0000000005657000 	/System/Library/Frameworks/CoreWLAN.framework/Versions/A/CoreWLAN
0x0000000005657000 	/System/Library/Frameworks/IOBluetooth.framework/Versions/A/IOBluetooth
0x0000000005657000 	/System/Library/PrivateFrameworks/CoreWiFi.framework/Versions/A/CoreWiFi
0x0000000005657000 	/System/Library/Frameworks/CoreBluetooth.framework/Versions/A/CoreBluetooth
0x0000000005657000 	/System/Library/PrivateFrameworks/ChunkingLibrary.framework/Versions/A/ChunkingLibrary
0x0000000005657000 	/System/Library/PrivateFrameworks/DebugSymbols.framework/Versions/A/DebugSymbols
0x0000000005657000 	/System/Library/PrivateFrameworks/CoreSymbolication.framework/Versions/A/CoreSymbolication
0x0000000005657000 	/System/Library/PrivateFrameworks/Symbolication.framework/Versions/A/Symbolication
0x0000000005657000 	/System/Library/PrivateFrameworks/SpeechRecognitionCore.framework/Versions/A/SpeechRecognitionCore
0x0000000103c81000 	/System/Library/CoreServices/Encodings/libSimplifiedChineseConverter.dylib
0x0000000104e00000 	/Library/Java/JavaVirtualMachines/jdk1.8.0_05.jdk/Contents/Home/jre/lib/server/libjvm.dylib
0x0000000005657000 	/usr/lib/libstdc++.6.dylib
0x0000000103cc9000 	/Library/Java/JavaVirtualMachines/jdk1.8.0_05.jdk/Contents/Home/jre/lib/libverify.dylib
0x0000000103cd7000 	/Library/Java/JavaVirtualMachines/jdk1.8.0_05.jdk/Contents/Home/jre/lib/libjava.dylib
0x0000000103d0c000 	/Library/Java/JavaVirtualMachines/jdk1.8.0_05.jdk/Contents/Home/jre/lib/libinstrument.dylib
0x0000000103d6a000 	/Library/Java/JavaVirtualMachines/jdk1.8.0_05.jdk/Contents/Home/jre/lib/libzip.dylib
0x0000000103de3000 	/System/Library/Frameworks/JavaVM.framework/Frameworks/JavaRuntimeSupport.framework/JavaRuntimeSupport
0x0000000120cda000 	/System/Library/Frameworks/JavaVM.framework/Versions/A/Frameworks/JavaNativeFoundation.framework/Versions/A/JavaNativeFoundation
0x0000000120cef000 	/System/Library/Frameworks/JavaVM.framework/Versions/A/JavaVM
0x0000000005657000 	/System/Library/Frameworks/Carbon.framework/Versions/A/Carbon
0x0000000120cfc000 	/System/Library/PrivateFrameworks/JavaLaunching.framework/Versions/A/JavaLaunching
0x0000000005657000 	/System/Library/Frameworks/Carbon.framework/Versions/A/Frameworks/CommonPanels.framework/Versions/A/CommonPanels
0x0000000005657000 	/System/Library/Frameworks/Carbon.framework/Versions/A/Frameworks/Help.framework/Versions/A/Help
0x0000000005657000 	/System/Library/Frameworks/Carbon.framework/Versions/A/Frameworks/ImageCapture.framework/Versions/A/ImageCapture
0x0000000005657000 	/System/Library/Frameworks/Carbon.framework/Versions/A/Frameworks/OpenScripting.framework/Versions/A/OpenScripting
0x0000000005657000 	/System/Library/Frameworks/Carbon.framework/Versions/A/Frameworks/Print.framework/Versions/A/Print
0x0000000005657000 	/System/Library/Frameworks/Carbon.framework/Versions/A/Frameworks/SecurityHI.framework/Versions/A/SecurityHI

VM Arguments:
jvm_args: -javaagent:/filestorage/springloaded-1.2.5.RELEASE.jar -Xverify:none -Dfile.encoding=UTF-8 
java_command: Test
java_class_path (initial): /Users/harryhe/Desktop/develop/workspace_framework3/Ceres-Framework/Ceres-Support-RequireJs/target/test-classes:/Users/harryhe/Desktop/develop/workspace_framework3/Ceres-Framework/Ceres-Support-RequireJs/target/classes:/Users/harryhe/Desktop/develop/workspace_framework3/Ceres-Framework/Ceres-Support-WebApi/target/classes:/Users/harryhe/Desktop/develop/workspace_framework3/Ceres-Framework/Ceres-Support-Web/target/classes:/Users/harryhe/.m2/repository/org/springframework/boot/spring-boot-starter-web/1.3.2.RELEASE/spring-boot-starter-web-1.3.2.RELEASE.jar:/Users/harryhe/.m2/repository/org/springframework/boot/spring-boot-starter-tomcat/1.3.2.RELEASE/spring-boot-starter-tomcat-1.3.2.RELEASE.jar:/Users/harryhe/.m2/repository/org/apache/tomcat/embed/tomcat-embed-core/8.0.30/tomcat-embed-core-8.0.30.jar:/Users/harryhe/.m2/repository/org/apache/tomcat/embed/tomcat-embed-el/8.0.30/tomcat-embed-el-8.0.30.jar:/Users/harryhe/.m2/repository/org/apache/tomcat/embed/tomcat-embed-logging-juli/8.0.30/tomcat-embed-logging-juli-8.0.30.jar:/Users/harryhe/.m2/repository/org/apache/tomcat/embed/tomcat-embed-websocket/8.0.30/tomcat-embed-websocket-8.0.30.jar:/Users/harryhe/.m2/repository/org/springframework/boot/spring-boot-starter-validation/1.3.2.RELEASE/spring-boot-starter-validation-1.3.2.RELEASE.jar:/Users/harryhe/.m2/repository/org/hibernate/hibernate-validator/5.2.2.Final/hibernate-validator-5.2.2.Final.jar:/Users/harryhe/.m2/repository/javax/validation/validation-api/1.1.0.Final/validation-api-1.1.0.Final.jar:/Users/harryhe/.m2/repository/com/fasterxml/classmate/1.1.0/classmate-1.1.0.jar:/Users/harryhe/.m2/repository/com/fasterxml/jackson/core/jackson-databind/2.6.5/jackson-databind-2.6.5.jar:/Users/harryhe/.m2/repository/com/fasterxml/jackson/core/jackson-annotations/2.6.0/jackson-annotations-2.6.0.jar:/Users/harryhe/.m2/repository/com/fasterxml/jackson/core/jackson-core/2.6.5/jackson-core-2.6.5.jar:/Users/harryhe/.m2/repository/org/springframework/sp
Launcher Type: SUN_STANDARD

Environment Variables:
PATH=/usr/bin:/bin:/usr/sbin:/sbin
SHELL=/bin/bash

Signal Handlers:
SIGSEGV: [libjvm.dylib+0x55f7df], sa_mask[0]=0xfffefeff, sa_flags=0x00000043
SIGBUS: [libjvm.dylib+0x55f7df], sa_mask[0]=0xfffefeff, sa_flags=0x00000042
SIGFPE: [libjvm.dylib+0x442cfa], sa_mask[0]=0xfffefeff, sa_flags=0x00000042
SIGPIPE: [libjvm.dylib+0x442cfa], sa_mask[0]=0xfffefeff, sa_flags=0x00000042
SIGXFSZ: [libjvm.dylib+0x442cfa], sa_mask[0]=0xfffefeff, sa_flags=0x00000042
SIGILL: [libjvm.dylib+0x442cfa], sa_mask[0]=0xfffefeff, sa_flags=0x00000042
SIGUSR1: SIG_DFL, sa_mask[0]=0x00000000, sa_flags=0x00000000
SIGUSR2: [libjvm.dylib+0x442818], sa_mask[0]=0x00000004, sa_flags=0x00000042
SIGHUP: [libjvm.dylib+0x440ba5], sa_mask[0]=0xfffefeff, sa_flags=0x00000042
SIGINT: [libjvm.dylib+0x440ba5], sa_mask[0]=0xfffefeff, sa_flags=0x00000042
SIGTERM: [libjvm.dylib+0x440ba5], sa_mask[0]=0xfffefeff, sa_flags=0x00000042
SIGQUIT: [libjvm.dylib+0x440ba5], sa_mask[0]=0xfffefeff, sa_flags=0x00000042


---------------  S Y S T E M  ---------------

OS:Bsduname:Darwin 15.3.0 Darwin Kernel Version 15.3.0: Thu Dec 10 18:40:58 PST 2015; root:xnu-3248.30.4~1/RELEASE_X86_64 x86_64
rlimit: STACK 8192k, CORE 0k, NPROC 709, NOFILE 10240, AS infinity
load average:1.70 2.04 2.19

CPU:total 8 (4 cores per cpu, 2 threads per core) family 6 model 70 stepping 1, cmov, cx8, fxsr, mmx, sse, sse2, sse3, ssse3, sse4.1, sse4.2, popcnt, avx, avx2, aes, clmul, erms, ht, tsc, tscinvbit

Memory: 4k page, physical 16777216k(2392888k free)

/proc/meminfo:


vm_info: Java HotSpot(TM) 64-Bit Server VM (25.5-b02) for bsd-amd64 JRE (1.8.0_05-b13), built on Mar 18 2014 00:36:13 by "java_re" with gcc 4.2.1 (Based on Apple Inc. build 5658) (LLVM build 2336.11.00)

time: Sun Feb 28 14:38:40 2016
elapsed time: 0 seconds

